flutter_project/build/app/intermediates/manifest_merge_blame_file/debug/manifest-merger-blame-debug-report.txt
1<?xml version="1.0" encoding="utf-8"?>
2<manifest xmlns:android="http://schemas.android.com/apk/res/android"
3    package="com.example.flutter_practical"
4    android:versionCode="1"
5    android:versionName="1.0.0" >
6
7    <uses-sdk
8        android:minSdkVersion="19"
9        android:targetSdkVersion="33" />
10    <!--
11         The INTERNET permission is required for development. Specifically,
12         the Flutter tool needs it to communicate with the running application
13         to allow setting breakpoints, to provide hot reload, etc.
14    -->
15    <uses-permission android:name="android.permission.INTERNET" />
15-->src\debug\AndroidManifest.xml:7:5-66
15-->src\debug\AndroidManifest.xml:7:22-64
16    <uses-permission android:name="android.permission.READ_CALENDAR" />
16-->src\main\AndroidManifest.xml:4:5-71
16-->src\main\AndroidManifest.xml:4:22-69
17    <uses-permission android:name="android.permission.WRITE_CALENDAR" />
17-->src\main\AndroidManifest.xml:5:5-72
17-->src\main\AndroidManifest.xml:5:22-70
18    <uses-permission android:name="android.permission.CALL_PHONE" /> <!-- Provide required visibility configuration for API level 30 and above -->
18-->src\main\AndroidManifest.xml:6:5-68
18-->src\main\AndroidManifest.xml:6:22-66
19    <queries>
19-->src\main\AndroidManifest.xml:41:5-56:15
20
21        <!-- If your app checks for SMS support -->
22        <intent>
22-->src\main\AndroidManifest.xml:43:9-46:18
23            <action android:name="android.intent.action.VIEW" />
23-->src\main\AndroidManifest.xml:44:13-65
23-->src\main\AndroidManifest.xml:44:21-62
24
25            <data android:scheme="sms" />
25-->src\main\AndroidManifest.xml:45:13-42
25-->src\main\AndroidManifest.xml:45:19-39
26        </intent>
27        <!-- If your app checks for call support -->
28        <intent>
28-->src\main\AndroidManifest.xml:48:9-51:18
29            <action android:name="android.intent.action.VIEW" />
29-->src\main\AndroidManifest.xml:44:13-65
29-->src\main\AndroidManifest.xml:44:21-62
30
31            <data android:scheme="tel" />
31-->src\main\AndroidManifest.xml:45:13-42
31-->src\main\AndroidManifest.xml:45:19-39
32        </intent>
33        <intent>
33-->src\main\AndroidManifest.xml:52:9-55:18
34            <action android:name="android.intent.action.SEND" />
34-->src\main\AndroidManifest.xml:53:13-65
34-->src\main\AndroidManifest.xml:53:21-62
35
36            <data android:mimeType="*/*" />
36-->src\main\AndroidManifest.xml:45:13-42
37        </intent>
38    </queries>
39
40    <uses-permission android:name="android.permission.WAKE_LOCK" />
40-->[:firebase_messaging] AndroidManifest.xml:10:5-68
40-->[:firebase_messaging] AndroidManifest.xml:10:22-65
41    <uses-permission android:name="android.permission.ACCESS_NETWORK_STATE" /> <!-- Permissions options for the `notification` group -->
41-->[:firebase_messaging] AndroidManifest.xml:11:5-79
41-->[:firebase_messaging] AndroidManifest.xml:11:22-76
42    <uses-permission android:name="android.permission.POST_NOTIFICATIONS" />
42-->[:firebase_messaging] AndroidManifest.xml:13:5-77
42-->[:firebase_messaging] AndroidManifest.xml:13:22-74
43    <uses-permission android:name="android.permission.RECEIVE_BOOT_COMPLETED" />
43-->[:flutter_local_notifications] AndroidManifest.xml:9:5-81
43-->[:flutter_local_notifications] AndroidManifest.xml:9:22-78
44    <uses-permission android:name="android.permission.VIBRATE" />
44-->[:flutter_local_notifications] AndroidManifest.xml:10:5-66
44-->[:flutter_local_notifications] AndroidManifest.xml:10:22-63
45    <uses-permission android:name="android.permission.USE_FULL_SCREEN_INTENT" />
45-->[:flutter_local_notifications] AndroidManifest.xml:11:5-81
45-->[:flutter_local_notifications] AndroidManifest.xml:11:22-78
46    <uses-permission android:name="android.permission.SCHEDULE_EXACT_ALARM" /> <!-- Required by older versions of Google Play services to create IID tokens -->
46-->[:flutter_local_notifications] AndroidManifest.xml:12:5-79
46-->[:flutter_local_notifications] AndroidManifest.xml:12:22-76
47    <uses-permission android:name="com.google.android.c2dm.permission.RECEIVE" />
47-->[com.google.firebase:firebase-iid:21.1.0] AndroidManifest.xml:26:5-82
47-->[com.google.firebase:firebase-iid:21.1.0] AndroidManifest.xml:26:22-79
48
49    <permission
49-->[androidx.core:core:1.10.1] AndroidManifest.xml:22:5-24:47
50        android:name="com.example.flutter_practical.DYNAMIC_RECEIVER_NOT_EXPORTED_PERMISSION"
50-->[androidx.core:core:1.10.1] AndroidManifest.xml:23:9-81
51        android:protectionLevel="signature" />
51-->[androidx.core:core:1.10.1] AndroidManifest.xml:24:9-44
52
53    <uses-permission android:name="com.example.flutter_practical.DYNAMIC_RECEIVER_NOT_EXPORTED_PERMISSION" />
53-->[androidx.core:core:1.10.1] AndroidManifest.xml:26:5-97
53-->[androidx.core:core:1.10.1] AndroidManifest.xml:26:22-94
54
55    <application
56        android:name="android.app.Application"
57        android:appComponentFactory="androidx.core.app.CoreComponentFactory"
57-->[androidx.core:core:1.10.1] AndroidManifest.xml:28:18-86
58        android:debuggable="true"
59        android:icon="@mipmap/ic_launcher"
60        android:label="flutter_practical" >
61        <activity
62            android:name="com.example.flutter_practical.MainActivity"
63            android:configChanges="orientation|keyboardHidden|keyboard|screenSize|smallestScreenSize|locale|layoutDirection|fontScale|screenLayout|density|uiMode"
64            android:exported="true"
65            android:hardwareAccelerated="true"
66            android:launchMode="singleTop"
67            android:theme="@style/LaunchTheme"
68            android:windowSoftInputMode="adjustResize" >
69
70            <!--
71                 Specifies an Android theme to apply to this Activity as soon as
72                 the Android process has started. This theme is visible to the user
73                 while the Flutter UI initializes. After that, this theme continues
74                 to determine the Window background behind the Flutter UI.
75            -->
76            <meta-data
77                android:name="io.flutter.embedding.android.NormalTheme"
78                android:resource="@style/NormalTheme" />
79
80            <intent-filter>
81                <action android:name="android.intent.action.MAIN" />
82
83                <category android:name="android.intent.category.LAUNCHER" />
84            </intent-filter>
85        </activity>
86        <!--
87             Don't delete the meta-data below.
88             This is used by the Flutter tool to generate GeneratedPluginRegistrant.java
89        -->
90        <meta-data
91            android:name="flutterEmbedding"
92            android:value="2" />
93
94        <service
94-->[:firebase_database] AndroidManifest.xml:10:9-14:19
95            android:name="com.google.firebase.components.ComponentDiscoveryService"
95-->[:firebase_database] AndroidManifest.xml:10:18-89
96            android:directBootAware="true"
96-->[com.google.firebase:firebase-common:20.3.3] AndroidManifest.xml:34:13-43
97            android:exported="false" >
97-->[com.google.firebase:firebase-auth:22.1.1] AndroidManifest.xml:68:13-37
98            <meta-data
98-->[:firebase_database] AndroidManifest.xml:11:13-13:85
99                android:name="com.google.firebase.components:io.flutter.plugins.firebase.database.FlutterFirebaseAppRegistrar"
99-->[:firebase_database] AndroidManifest.xml:12:17-127
100                android:value="com.google.firebase.components.ComponentRegistrar" />
100-->[:firebase_database] AndroidManifest.xml:13:17-82
101            <meta-data
101-->[:cloud_firestore] AndroidManifest.xml:11:13-13:85
102                android:name="com.google.firebase.components:io.flutter.plugins.firebase.firestore.FlutterFirebaseFirestoreRegistrar"
102-->[:cloud_firestore] AndroidManifest.xml:12:17-134
103                android:value="com.google.firebase.components.ComponentRegistrar" />
103-->[:cloud_firestore] AndroidManifest.xml:13:17-82
104            <meta-data
104-->[:firebase_auth] AndroidManifest.xml:11:13-13:85
105                android:name="com.google.firebase.components:io.flutter.plugins.firebase.auth.FlutterFirebaseAuthRegistrar"
105-->[:firebase_auth] AndroidManifest.xml:12:17-124
106                android:value="com.google.firebase.components.ComponentRegistrar" />
106-->[:firebase_auth] AndroidManifest.xml:13:17-82
107            <meta-data
107-->[:firebase_messaging] AndroidManifest.xml:38:13-40:85
108                android:name="com.google.firebase.components:io.flutter.plugins.firebase.messaging.FlutterFirebaseAppRegistrar"
108-->[:firebase_messaging] AndroidManifest.xml:39:17-128
109                android:value="com.google.firebase.components.ComponentRegistrar" />
109-->[:firebase_messaging] AndroidManifest.xml:40:17-82
110            <meta-data
110-->[:firebase_core] AndroidManifest.xml:11:13-13:85
111                android:name="com.google.firebase.components:io.flutter.plugins.firebase.core.FlutterFirebaseCoreRegistrar"
111-->[:firebase_core] AndroidManifest.xml:12:17-124
112                android:value="com.google.firebase.components.ComponentRegistrar" />
112-->[:firebase_core] AndroidManifest.xml:13:17-82
113            <meta-data
113-->[com.google.firebase:firebase-auth:22.1.1] AndroidManifest.xml:69:13-71:85
114                android:name="com.google.firebase.components:com.google.firebase.auth.FirebaseAuthRegistrar"
114-->[com.google.firebase:firebase-auth:22.1.1] AndroidManifest.xml:70:17-109
115                android:value="com.google.firebase.components.ComponentRegistrar" />
115-->[com.google.firebase:firebase-auth:22.1.1] AndroidManifest.xml:71:17-82
116            <meta-data
116-->[com.google.firebase:firebase-iid:21.1.0] AndroidManifest.xml:32:13-34:85
117                android:name="com.google.firebase.components:com.google.firebase.iid.Registrar"
117-->[com.google.firebase:firebase-iid:21.1.0] AndroidManifest.xml:33:17-96
118                android:value="com.google.firebase.components.ComponentRegistrar" />
118-->[com.google.firebase:firebase-iid:21.1.0] AndroidManifest.xml:34:17-82
119            <meta-data
119-->[com.google.firebase:firebase-firestore:24.7.1] AndroidManifest.xml:17:13-19:85
120                android:name="com.google.firebase.components:com.google.firebase.firestore.FirestoreRegistrar"
120-->[com.google.firebase:firebase-firestore:24.7.1] AndroidManifest.xml:18:17-111
121                android:value="com.google.firebase.components.ComponentRegistrar" />
121-->[com.google.firebase:firebase-firestore:24.7.1] AndroidManifest.xml:19:17-82
122            <meta-data
122-->[com.google.firebase:firebase-messaging:23.2.1] AndroidManifest.xml:53:13-55:85
123                android:name="com.google.firebase.components:com.google.firebase.messaging.FirebaseMessagingRegistrar"
123-->[com.google.firebase:firebase-messaging:23.2.1] AndroidManifest.xml:54:17-119
124                android:value="com.google.firebase.components.ComponentRegistrar" />
124-->[com.google.firebase:firebase-messaging:23.2.1] AndroidManifest.xml:55:17-82
125            <meta-data
125-->[com.google.firebase:firebase-database:20.2.2] AndroidManifest.xml:31:13-33:85
126                android:name="com.google.firebase.components:com.google.firebase.database.DatabaseRegistrar"
126-->[com.google.firebase:firebase-database:20.2.2] AndroidManifest.xml:32:17-109
127                android:value="com.google.firebase.components.ComponentRegistrar" />
127-->[com.google.firebase:firebase-database:20.2.2] AndroidManifest.xml:33:17-82
128            <meta-data
128-->[com.google.firebase:firebase-installations:17.1.4] AndroidManifest.xml:15:13-17:85
129                android:name="com.google.firebase.components:com.google.firebase.installations.FirebaseInstallationsRegistrar"
129-->[com.google.firebase:firebase-installations:17.1.4] AndroidManifest.xml:16:17-127
130                android:value="com.google.firebase.components.ComponentRegistrar" />
130-->[com.google.firebase:firebase-installations:17.1.4] AndroidManifest.xml:17:17-82
131            <meta-data
131-->[com.google.firebase:firebase-datatransport:18.1.7] AndroidManifest.xml:27:13-29:85
132                android:name="com.google.firebase.components:com.google.firebase.datatransport.TransportRegistrar"
132-->[com.google.firebase:firebase-datatransport:18.1.7] AndroidManifest.xml:28:17-115
133                android:value="com.google.firebase.components.ComponentRegistrar" />
133-->[com.google.firebase:firebase-datatransport:18.1.7] AndroidManifest.xml:29:17-82
134        </service>
135        <service
135-->[:firebase_messaging] AndroidManifest.xml:16:9-19:72
136            android:name="io.flutter.plugins.firebase.messaging.FlutterFirebaseMessagingBackgroundService"
136-->[:firebase_messaging] AndroidManifest.xml:17:13-107
137            android:exported="false"
137-->[:firebase_messaging] AndroidManifest.xml:18:13-37
138            android:permission="android.permission.BIND_JOB_SERVICE" />
138-->[:firebase_messaging] AndroidManifest.xml:19:13-69
139        <service
139-->[:firebase_messaging] AndroidManifest.xml:20:9-26:19
140            android:name="io.flutter.plugins.firebase.messaging.FlutterFirebaseMessagingService"
140-->[:firebase_messaging] AndroidManifest.xml:21:13-97
141            android:exported="false" >
141-->[:firebase_messaging] AndroidManifest.xml:22:13-37
142            <intent-filter>
142-->[:firebase_messaging] AndroidManifest.xml:23:13-25:29
143                <action android:name="com.google.firebase.MESSAGING_EVENT" />
143-->[:firebase_messaging] AndroidManifest.xml:24:17-78
143-->[:firebase_messaging] AndroidManifest.xml:24:25-75
144            </intent-filter>
145        </service>
146
147        <receiver
147-->[:firebase_messaging] AndroidManifest.xml:28:9-35:20
148            android:name="io.flutter.plugins.firebase.messaging.FlutterFirebaseMessagingReceiver"
148-->[:firebase_messaging] AndroidManifest.xml:29:13-98
149            android:exported="true"
149-->[:firebase_messaging] AndroidManifest.xml:30:13-36
150            android:permission="com.google.android.c2dm.permission.SEND" >
150-->[:firebase_messaging] AndroidManifest.xml:31:13-73
151            <intent-filter>
151-->[:firebase_messaging] AndroidManifest.xml:32:13-34:29
152                <action android:name="com.google.android.c2dm.intent.RECEIVE" />
152-->[:firebase_messaging] AndroidManifest.xml:33:17-81
152-->[:firebase_messaging] AndroidManifest.xml:33:25-78
153            </intent-filter>
154        </receiver>
155
156        <provider
156-->[:firebase_messaging] AndroidManifest.xml:43:9-47:38
157            android:name="io.flutter.plugins.firebase.messaging.FlutterFirebaseMessagingInitProvider"
157-->[:firebase_messaging] AndroidManifest.xml:44:13-102
158            android:authorities="com.example.flutter_practical.flutterfirebasemessaginginitprovider"
158-->[:firebase_messaging] AndroidManifest.xml:45:13-88
159            android:exported="false"
159-->[:firebase_messaging] AndroidManifest.xml:46:13-37
160            android:initOrder="99" />
160-->[:firebase_messaging] AndroidManifest.xml:47:13-35
161        <provider
161-->[:image_picker_android] AndroidManifest.xml:10:9-18:20
162            android:name="io.flutter.plugins.imagepicker.ImagePickerFileProvider"
162-->[:image_picker_android] AndroidManifest.xml:11:13-82
163            android:authorities="com.example.flutter_practical.flutter.image_provider"
163-->[:image_picker_android] AndroidManifest.xml:12:13-74
164            android:exported="false"
164-->[:image_picker_android] AndroidManifest.xml:13:13-37
165            android:grantUriPermissions="true" >
165-->[:image_picker_android] AndroidManifest.xml:14:13-47
166            <meta-data
166-->[:image_picker_android] AndroidManifest.xml:15:13-17:75
167                android:name="android.support.FILE_PROVIDER_PATHS"
167-->[:image_picker_android] AndroidManifest.xml:16:17-67
168                android:resource="@xml/flutter_image_picker_file_paths" />
168-->[:image_picker_android] AndroidManifest.xml:17:17-72
169        </provider>
170
171        <receiver
171-->[:flutter_local_notifications] AndroidManifest.xml:16:9-18:40
172            android:name="com.dexterous.flutterlocalnotifications.ActionBroadcastReceiver"
172-->[:flutter_local_notifications] AndroidManifest.xml:17:13-91
173            android:exported="false" />
173-->[:flutter_local_notifications] AndroidManifest.xml:18:13-37
174        <receiver
174-->[:flutter_local_notifications] AndroidManifest.xml:19:9-21:40
175            android:name="com.dexterous.flutterlocalnotifications.ScheduledNotificationReceiver"
175-->[:flutter_local_notifications] AndroidManifest.xml:20:13-97
176            android:exported="false" />
176-->[:flutter_local_notifications] AndroidManifest.xml:21:13-37
177        <receiver
177-->[:flutter_local_notifications] AndroidManifest.xml:22:9-31:20
178            android:name="com.dexterous.flutterlocalnotifications.ScheduledNotificationBootReceiver"
178-->[:flutter_local_notifications] AndroidManifest.xml:23:13-101
179            android:exported="false" >
179-->[:flutter_local_notifications] AndroidManifest.xml:24:13-37
180            <intent-filter>
180-->[:flutter_local_notifications] AndroidManifest.xml:25:13-30:29
181                <action android:name="android.intent.action.BOOT_COMPLETED" />
181-->[:flutter_local_notifications] AndroidManifest.xml:26:17-79
181-->[:flutter_local_notifications] AndroidManifest.xml:26:25-76
182                <action android:name="android.intent.action.MY_PACKAGE_REPLACED" />
182-->[:flutter_local_notifications] AndroidManifest.xml:27:17-84
182-->[:flutter_local_notifications] AndroidManifest.xml:27:25-81
183                <action android:name="android.intent.action.QUICKBOOT_POWERON" />
183-->[:flutter_local_notifications] AndroidManifest.xml:28:17-82
183-->[:flutter_local_notifications] AndroidManifest.xml:28:25-79
184                <action android:name="com.htc.intent.action.QUICKBOOT_POWERON" />
184-->[:flutter_local_notifications] AndroidManifest.xml:29:17-82
184-->[:flutter_local_notifications] AndroidManifest.xml:29:25-79
185            </intent-filter>
186        </receiver>
187
188        <activity
188-->[:url_launcher_android] AndroidManifest.xml:10:9-13:74
189            android:name="io.flutter.plugins.urllauncher.WebViewActivity"
189-->[:url_launcher_android] AndroidManifest.xml:11:13-74
190            android:exported="false"
190-->[:url_launcher_android] AndroidManifest.xml:12:13-37
191            android:theme="@android:style/Theme.NoTitleBar.Fullscreen" />
191-->[:url_launcher_android] AndroidManifest.xml:13:13-71
192        <activity
192-->[com.google.firebase:firebase-auth:22.1.1] AndroidManifest.xml:29:9-46:20
193            android:name="com.google.firebase.auth.internal.GenericIdpActivity"
193-->[com.google.firebase:firebase-auth:22.1.1] AndroidManifest.xml:30:13-80
194            android:excludeFromRecents="true"
194-->[com.google.firebase:firebase-auth:22.1.1] AndroidManifest.xml:31:13-46
195            android:exported="true"
195-->[com.google.firebase:firebase-auth:22.1.1] AndroidManifest.xml:32:13-36
196            android:launchMode="singleTask"
196-->[com.google.firebase:firebase-auth:22.1.1] AndroidManifest.xml:33:13-44
197            android:theme="@android:style/Theme.Translucent.NoTitleBar" >
197-->[com.google.firebase:firebase-auth:22.1.1] AndroidManifest.xml:34:13-72
198            <intent-filter>
198-->[com.google.firebase:firebase-auth:22.1.1] AndroidManifest.xml:35:13-45:29
199                <action android:name="android.intent.action.VIEW" />
199-->src\main\AndroidManifest.xml:44:13-65
199-->src\main\AndroidManifest.xml:44:21-62
200
201                <category android:name="android.intent.category.DEFAULT" />
201-->[com.google.firebase:firebase-auth:22.1.1] AndroidManifest.xml:38:17-76
201-->[com.google.firebase:firebase-auth:22.1.1] AndroidManifest.xml:38:27-73
202                <category android:name="android.intent.category.BROWSABLE" />
202-->[com.google.firebase:firebase-auth:22.1.1] AndroidManifest.xml:39:17-78
202-->[com.google.firebase:firebase-auth:22.1.1] AndroidManifest.xml:39:27-75
203
204                <data
204-->src\main\AndroidManifest.xml:45:13-42
205                    android:host="firebase.auth"
206                    android:path="/"
207                    android:scheme="genericidp" />
207-->src\main\AndroidManifest.xml:45:19-39
208            </intent-filter>
209        </activity>
210        <activity
210-->[com.google.firebase:firebase-auth:22.1.1] AndroidManifest.xml:47:9-64:20
211            android:name="com.google.firebase.auth.internal.RecaptchaActivity"
211-->[com.google.firebase:firebase-auth:22.1.1] AndroidManifest.xml:48:13-79
212            android:excludeFromRecents="true"
212-->[com.google.firebase:firebase-auth:22.1.1] AndroidManifest.xml:49:13-46
213            android:exported="true"
213-->[com.google.firebase:firebase-auth:22.1.1] AndroidManifest.xml:50:13-36
214            android:launchMode="singleTask"
214-->[com.google.firebase:firebase-auth:22.1.1] AndroidManifest.xml:51:13-44
215            android:theme="@android:style/Theme.Translucent.NoTitleBar" >
215-->[com.google.firebase:firebase-auth:22.1.1] AndroidManifest.xml:52:13-72
216            <intent-filter>
216-->[com.google.firebase:firebase-auth:22.1.1] AndroidManifest.xml:53:13-63:29
217                <action android:name="android.intent.action.VIEW" />
217-->src\main\AndroidManifest.xml:44:13-65
217-->src\main\AndroidManifest.xml:44:21-62
218
219                <category android:name="android.intent.category.DEFAULT" />
219-->[com.google.firebase:firebase-auth:22.1.1] AndroidManifest.xml:38:17-76
219-->[com.google.firebase:firebase-auth:22.1.1] AndroidManifest.xml:38:27-73
220                <category android:name="android.intent.category.BROWSABLE" />
220-->[com.google.firebase:firebase-auth:22.1.1] AndroidManifest.xml:39:17-78
220-->[com.google.firebase:firebase-auth:22.1.1] AndroidManifest.xml:39:27-75
221
222                <data
222-->src\main\AndroidManifest.xml:45:13-42
223                    android:host="firebase.auth"
224                    android:path="/"
225                    android:scheme="recaptcha" />
225-->src\main\AndroidManifest.xml:45:19-39
226            </intent-filter>
227        </activity>
228
229        <receiver
229-->[com.google.firebase:firebase-messaging:23.2.1] AndroidManifest.xml:29:9-36:20
230            android:name="com.google.firebase.iid.FirebaseInstanceIdReceiver"
230-->[com.google.firebase:firebase-messaging:23.2.1] AndroidManifest.xml:30:13-78
231            android:exported="true"
231-->[com.google.firebase:firebase-messaging:23.2.1] AndroidManifest.xml:31:13-36
232            android:permission="com.google.android.c2dm.permission.SEND" >
232-->[com.google.firebase:firebase-messaging:23.2.1] AndroidManifest.xml:32:13-73
233            <intent-filter>
233-->[:firebase_messaging] AndroidManifest.xml:32:13-34:29
234                <action android:name="com.google.android.c2dm.intent.RECEIVE" />
234-->[:firebase_messaging] AndroidManifest.xml:33:17-81
234-->[:firebase_messaging] AndroidManifest.xml:33:25-78
235            </intent-filter>
236        </receiver>
237        <!--
238             FirebaseMessagingService performs security checks at runtime,
239             but set to not exported to explicitly avoid allowing another app to call it.
240        -->
241        <service
241-->[com.google.firebase:firebase-messaging:23.2.1] AndroidManifest.xml:42:9-49:19
242            android:name="com.google.firebase.messaging.FirebaseMessagingService"
242-->[com.google.firebase:firebase-messaging:23.2.1] AndroidManifest.xml:43:13-82
243            android:directBootAware="true"
243-->[com.google.firebase:firebase-messaging:23.2.1] AndroidManifest.xml:44:13-43
244            android:exported="false" >
244-->[com.google.firebase:firebase-messaging:23.2.1] AndroidManifest.xml:45:13-37
245            <intent-filter android:priority="-500" >
245-->[:firebase_messaging] AndroidManifest.xml:23:13-25:29
246                <action android:name="com.google.firebase.MESSAGING_EVENT" />
246-->[:firebase_messaging] AndroidManifest.xml:24:17-78
246-->[:firebase_messaging] AndroidManifest.xml:24:25-75
247            </intent-filter>
248        </service>
249
250        <provider
250-->[com.google.firebase:firebase-common:20.3.3] AndroidManifest.xml:25:9-30:39
251            android:name="com.google.firebase.provider.FirebaseInitProvider"
251-->[com.google.firebase:firebase-common:20.3.3] AndroidManifest.xml:26:13-77
252            android:authorities="com.example.flutter_practical.firebaseinitprovider"
252-->[com.google.firebase:firebase-common:20.3.3] AndroidManifest.xml:27:13-72
253            android:directBootAware="true"
253-->[com.google.firebase:firebase-common:20.3.3] AndroidManifest.xml:28:13-43
254            android:exported="false"
254-->[com.google.firebase:firebase-common:20.3.3] AndroidManifest.xml:29:13-37
255            android:initOrder="100" />
255-->[com.google.firebase:firebase-common:20.3.3] AndroidManifest.xml:30:13-36
256
257        <activity
257-->[com.google.android.gms:play-services-base:18.1.0] AndroidManifest.xml:20:9-22:45
258            android:name="com.google.android.gms.common.api.GoogleApiActivity"
258-->[com.google.android.gms:play-services-base:18.1.0] AndroidManifest.xml:20:19-85
259            android:exported="false"
259-->[com.google.android.gms:play-services-base:18.1.0] AndroidManifest.xml:22:19-43
260            android:theme="@android:style/Theme.Translucent.NoTitleBar" />
260-->[com.google.android.gms:play-services-base:18.1.0] AndroidManifest.xml:21:19-78
261
262        <meta-data
262-->[com.google.android.gms:play-services-basement:18.1.0] AndroidManifest.xml:21:9-23:69
263            android:name="com.google.android.gms.version"
263-->[com.google.android.gms:play-services-basement:18.1.0] AndroidManifest.xml:22:13-58
264            android:value="@integer/google_play_services_version" />
264-->[com.google.android.gms:play-services-basement:18.1.0] AndroidManifest.xml:23:13-66
265
266        <uses-library
266-->[androidx.window:window:1.0.0-beta04] AndroidManifest.xml:25:9-27:40
267            android:name="androidx.window.extensions"
267-->[androidx.window:window:1.0.0-beta04] AndroidManifest.xml:26:13-54
268            android:required="false" />
268-->[androidx.window:window:1.0.0-beta04] AndroidManifest.xml:27:13-37
269        <uses-library
269-->[androidx.window:window:1.0.0-beta04] AndroidManifest.xml:28:9-30:40
270            android:name="androidx.window.sidecar"
270-->[androidx.window:window:1.0.0-beta04] AndroidManifest.xml:29:13-51
271            android:required="false" />
271-->[androidx.window:window:1.0.0-beta04] AndroidManifest.xml:30:13-37
272
273        <provider
273-->[androidx.profileinstaller:profileinstaller:1.3.0] AndroidManifest.xml:24:9-32:20
274            android:name="androidx.startup.InitializationProvider"
274-->[androidx.profileinstaller:profileinstaller:1.3.0] AndroidManifest.xml:25:13-67
275            android:authorities="com.example.flutter_practical.androidx-startup"
275-->[androidx.profileinstaller:profileinstaller:1.3.0] AndroidManifest.xml:26:13-68
276            android:exported="false" >
276-->[androidx.profileinstaller:profileinstaller:1.3.0] AndroidManifest.xml:27:13-37
277            <meta-data
277-->[androidx.profileinstaller:profileinstaller:1.3.0] AndroidManifest.xml:29:13-31:52
278                android:name="androidx.profileinstaller.ProfileInstallerInitializer"
278-->[androidx.profileinstaller:profileinstaller:1.3.0] AndroidManifest.xml:30:17-85
279                android:value="androidx.startup" />
279-->[androidx.profileinstaller:profileinstaller:1.3.0] AndroidManifest.xml:31:17-49
280        </provider>
281
282        <receiver
282-->[androidx.profileinstaller:profileinstaller:1.3.0] AndroidManifest.xml:34:9-52:20
283            android:name="androidx.profileinstaller.ProfileInstallReceiver"
283-->[androidx.profileinstaller:profileinstaller:1.3.0] AndroidManifest.xml:35:13-76
284            android:directBootAware="false"
284-->[androidx.profileinstaller:profileinstaller:1.3.0] AndroidManifest.xml:36:13-44
285            android:enabled="true"
285-->[androidx.profileinstaller:profileinstaller:1.3.0] AndroidManifest.xml:37:13-35
286            android:exported="true"
286-->[androidx.profileinstaller:profileinstaller:1.3.0] AndroidManifest.xml:38:13-36
287            android:permission="android.permission.DUMP" >
287-->[androidx.profileinstaller:profileinstaller:1.3.0] AndroidManifest.xml:39:13-57
288            <intent-filter>
288-->[androidx.profileinstaller:profileinstaller:1.3.0] AndroidManifest.xml:40:13-42:29
289                <action android:name="androidx.profileinstaller.action.INSTALL_PROFILE" />
289-->[androidx.profileinstaller:profileinstaller:1.3.0] AndroidManifest.xml:41:17-91
289-->[androidx.profileinstaller:profileinstaller:1.3.0] AndroidManifest.xml:41:25-88
290            </intent-filter>
291            <intent-filter>
291-->[androidx.profileinstaller:profileinstaller:1.3.0] AndroidManifest.xml:43:13-45:29
292                <action android:name="androidx.profileinstaller.action.SKIP_FILE" />
292-->[androidx.profileinstaller:profileinstaller:1.3.0] AndroidManifest.xml:44:17-85
292-->[androidx.profileinstaller:profileinstaller:1.3.0] AndroidManifest.xml:44:25-82
293            </intent-filter>
294            <intent-filter>
294-->[androidx.profileinstaller:profileinstaller:1.3.0] AndroidManifest.xml:46:13-48:29
295                <action android:name="androidx.profileinstaller.action.SAVE_PROFILE" />
295-->[androidx.profileinstaller:profileinstaller:1.3.0] AndroidManifest.xml:47:17-88
295-->[androidx.profileinstaller:profileinstaller:1.3.0] AndroidManifest.xml:47:25-85